Sun Aug 20 2017 17:39:24 GMT-0500 (CDT): GET /about
Sun Aug 20 2017 17:39:27 GMT-0500 (CDT): GET /
Sun Aug 20 2017 17:41:11 GMT-0500 (CDT): GET /
Sun Aug 20 2017 17:41:28 GMT-0500 (CDT): GET /
Sun Aug 20 2017 17:42:30 GMT-0500 (CDT): GET /
Sun Aug 20 2017 17:42:39 GMT-0500 (CDT): GET /
Sun Aug 20 2017 17:43:19 GMT-0500 (CDT): GET /
Sun Aug 20 2017 17:44:19 GMT-0500 (CDT): GET /
Sun Aug 20 2017 17:46:14 GMT-0500 (CDT): GET /
Sun Aug 20 2017 17:46:28 GMT-0500 (CDT): GET /
Sun Aug 20 2017 17:48:28 GMT-0500 (CDT): GET /
Sun Aug 20 2017 17:48:34 GMT-0500 (CDT): GET /
Sun Aug 20 2017 18:16:21 GMT-0500 (CDT): GET /
Sun Aug 20 2017 18:21:38 GMT-0500 (CDT): GET /
Sun Aug 20 2017 18:21:38 GMT-0500 (CDT): GET /cover.css
Sun Aug 20 2017 18:21:41 GMT-0500 (CDT): GET /cover.css
Sun Aug 20 2017 18:22:09 GMT-0500 (CDT): GET /
Sun Aug 20 2017 18:22:09 GMT-0500 (CDT): GET /cover.css
Sun Aug 20 2017 18:22:42 GMT-0500 (CDT): GET /
Sun Aug 20 2017 18:22:42 GMT-0500 (CDT): GET /cover.css
Sun Aug 20 2017 18:23:58 GMT-0500 (CDT): GET /
Sun Aug 20 2017 18:23:58 GMT-0500 (CDT): GET /cover.css
Sun Aug 20 2017 18:27:58 GMT-0500 (CDT): GET /
Sun Aug 20 2017 18:27:58 GMT-0500 (CDT): GET /cover.css
Sun Aug 20 2017 18:28:50 GMT-0500 (CDT): GET /
Sun Aug 20 2017 18:28:50 GMT-0500 (CDT): GET /cover.css
Sun Aug 20 2017 18:29:37 GMT-0500 (CDT): GET /
Sun Aug 20 2017 18:29:37 GMT-0500 (CDT): GET /cover.css
Sun Aug 20 2017 18:30:17 GMT-0500 (CDT): GET /
Sun Aug 20 2017 18:30:17 GMT-0500 (CDT): GET /cover.css
Sun Aug 20 2017 18:31:26 GMT-0500 (CDT): GET /
Sun Aug 20 2017 18:31:26 GMT-0500 (CDT): GET /cover.css
Sun Aug 20 2017 18:42:46 GMT-0500 (CDT): GET /
Sun Aug 20 2017 18:42:46 GMT-0500 (CDT): GET /cover.css
Sun Aug 20 2017 18:44:09 GMT-0500 (CDT): GET /
Sun Aug 20 2017 18:44:09 GMT-0500 (CDT): GET /cover.css
Sun Aug 20 2017 18:46:07 GMT-0500 (CDT): GET /
Sun Aug 20 2017 18:46:07 GMT-0500 (CDT): GET /cover.css
Sun Aug 20 2017 18:48:18 GMT-0500 (CDT): GET /
Sun Aug 20 2017 18:48:18 GMT-0500 (CDT): GET /cover.css
Sun Aug 20 2017 18:52:51 GMT-0500 (CDT): GET /
Sun Aug 20 2017 18:52:51 GMT-0500 (CDT): GET /cover.css
Sun Aug 20 2017 18:53:02 GMT-0500 (CDT): GET /
Sun Aug 20 2017 18:53:02 GMT-0500 (CDT): GET /cover.css
Sun Aug 20 2017 18:55:31 GMT-0500 (CDT): GET /
Sun Aug 20 2017 18:55:31 GMT-0500 (CDT): GET /cover.css
Sun Aug 20 2017 19:04:14 GMT-0500 (CDT): GET /
Sun Aug 20 2017 19:04:14 GMT-0500 (CDT): GET /cover.css
Sun Aug 20 2017 19:05:21 GMT-0500 (CDT): GET /
Sun Aug 20 2017 19:05:21 GMT-0500 (CDT): GET /cover.css
Sun Aug 20 2017 19:06:52 GMT-0500 (CDT): GET /
Sun Aug 20 2017 19:06:52 GMT-0500 (CDT): GET /cover.css
Sun Aug 20 2017 19:10:16 GMT-0500 (CDT): GET /
Sun Aug 20 2017 19:10:16 GMT-0500 (CDT): GET /cover.css
Sun Aug 20 2017 19:10:21 GMT-0500 (CDT): GET /
Sun Aug 20 2017 19:10:21 GMT-0500 (CDT): GET /cover.css
Sun Aug 20 2017 19:10:25 GMT-0500 (CDT): GET /about
Sun Aug 20 2017 19:10:25 GMT-0500 (CDT): GET /cover.css
Sun Aug 20 2017 19:11:50 GMT-0500 (CDT): GET /about
Sun Aug 20 2017 19:11:50 GMT-0500 (CDT): GET /cover.css
Sun Aug 20 2017 19:11:51 GMT-0500 (CDT): GET /about
Sun Aug 20 2017 19:11:51 GMT-0500 (CDT): GET /cover.css
Sun Aug 20 2017 19:12:48 GMT-0500 (CDT): GET /about
Sun Aug 20 2017 19:12:48 GMT-0500 (CDT): GET /cover.css
Sun Aug 20 2017 19:12:49 GMT-0500 (CDT): GET /
Sun Aug 20 2017 19:12:49 GMT-0500 (CDT): GET /cover.css
Sun Aug 20 2017 19:12:50 GMT-0500 (CDT): GET /info
Sun Aug 20 2017 19:12:50 GMT-0500 (CDT): GET /cover.css
Sun Aug 20 2017 19:12:52 GMT-0500 (CDT): GET /about
Sun Aug 20 2017 19:12:52 GMT-0500 (CDT): GET /cover.css
Sun Aug 20 2017 19:12:52 GMT-0500 (CDT): GET /
Sun Aug 20 2017 19:12:52 GMT-0500 (CDT): GET /cover.css
Sun Aug 20 2017 19:13:55 GMT-0500 (CDT): GET /
Sun Aug 20 2017 19:13:55 GMT-0500 (CDT): GET /cover.css
Sun Aug 20 2017 19:13:56 GMT-0500 (CDT): GET /about
Sun Aug 20 2017 19:13:56 GMT-0500 (CDT): GET /cover.css
Sun Aug 20 2017 19:13:58 GMT-0500 (CDT): GET /info
Sun Aug 20 2017 19:13:58 GMT-0500 (CDT): GET /cover.css
Sun Aug 20 2017 19:13:59 GMT-0500 (CDT): GET /
Sun Aug 20 2017 19:13:59 GMT-0500 (CDT): GET /cover.css
Sun Aug 20 2017 19:18:29 GMT-0500 (CDT): GET /
Sun Aug 20 2017 19:18:29 GMT-0500 (CDT): GET /cover.css
Sun Aug 20 2017 19:18:30 GMT-0500 (CDT): GET /about
Sun Aug 20 2017 19:18:31 GMT-0500 (CDT): GET /cover.css
Sun Aug 20 2017 19:18:31 GMT-0500 (CDT): GET /info
Sun Aug 20 2017 19:18:31 GMT-0500 (CDT): GET /cover.css
Sun Aug 20 2017 19:18:32 GMT-0500 (CDT): GET /
Sun Aug 20 2017 19:18:32 GMT-0500 (CDT): GET /cover.css
Sun Aug 20 2017 19:20:03 GMT-0500 (CDT): GET /
Sun Aug 20 2017 19:20:03 GMT-0500 (CDT): GET /cover.css
Sun Aug 20 2017 19:22:12 GMT-0500 (CDT): GET /
Sun Aug 20 2017 19:22:13 GMT-0500 (CDT): GET /cover.css
Sun Aug 20 2017 19:23:22 GMT-0500 (CDT): GET /
Sun Aug 20 2017 19:23:22 GMT-0500 (CDT): GET /cover.css
Sun Aug 20 2017 19:27:53 GMT-0500 (CDT): GET /
Sun Aug 20 2017 19:27:53 GMT-0500 (CDT): GET /cover.css
Sun Aug 20 2017 19:30:02 GMT-0500 (CDT): GET /
Sun Aug 20 2017 19:30:02 GMT-0500 (CDT): GET /cover.css
Sun Aug 20 2017 19:30:18 GMT-0500 (CDT): GET /
Sun Aug 20 2017 19:30:18 GMT-0500 (CDT): GET /cover.css
Sun Aug 20 2017 19:31:31 GMT-0500 (CDT): GET /
Sun Aug 20 2017 19:31:31 GMT-0500 (CDT): GET /cover.css
Sun Aug 20 2017 19:31:43 GMT-0500 (CDT): GET /
Sun Aug 20 2017 19:31:43 GMT-0500 (CDT): GET /cover.css
Sun Aug 20 2017 19:33:40 GMT-0500 (CDT): GET /
Sun Aug 20 2017 19:33:40 GMT-0500 (CDT): GET /cover.css
Sun Aug 20 2017 19:34:16 GMT-0500 (CDT): GET /
Sun Aug 20 2017 19:34:22 GMT-0500 (CDT): GET /
Sun Aug 20 2017 19:34:23 GMT-0500 (CDT): GET /cover.css
Sun Aug 20 2017 19:35:04 GMT-0500 (CDT): GET /
Sun Aug 20 2017 19:35:04 GMT-0500 (CDT): GET /cover.css
Sun Aug 20 2017 19:35:32 GMT-0500 (CDT): GET /
Sun Aug 20 2017 19:35:32 GMT-0500 (CDT): GET /cover.css
Sun Aug 20 2017 19:35:44 GMT-0500 (CDT): GET /
Sun Aug 20 2017 19:35:44 GMT-0500 (CDT): GET /cover.css
Sun Aug 20 2017 19:36:26 GMT-0500 (CDT): GET /
Sun Aug 20 2017 19:36:26 GMT-0500 (CDT): GET /cover.css
Sun Aug 20 2017 19:36:42 GMT-0500 (CDT): GET /
Sun Aug 20 2017 19:36:42 GMT-0500 (CDT): GET /cover.css
Sun Aug 20 2017 19:36:54 GMT-0500 (CDT): GET /
Sun Aug 20 2017 19:36:54 GMT-0500 (CDT): GET /cover.css
Sun Aug 20 2017 19:37:51 GMT-0500 (CDT): GET /
Sun Aug 20 2017 19:37:52 GMT-0500 (CDT): GET /
Sun Aug 20 2017 19:37:52 GMT-0500 (CDT): GET /cover.css
Sun Aug 20 2017 19:38:03 GMT-0500 (CDT): GET /
Sun Aug 20 2017 19:38:03 GMT-0500 (CDT): GET /cover.css
Sun Aug 20 2017 19:38:19 GMT-0500 (CDT): GET /
Sun Aug 20 2017 19:38:19 GMT-0500 (CDT): GET /cover.css
Sun Aug 20 2017 19:39:45 GMT-0500 (CDT): GET /
Sun Aug 20 2017 19:39:45 GMT-0500 (CDT): GET /cover.css
Sun Aug 20 2017 19:40:24 GMT-0500 (CDT): GET /
Sun Aug 20 2017 19:40:24 GMT-0500 (CDT): GET /cover.css
Sun Aug 20 2017 19:40:52 GMT-0500 (CDT): GET /
Sun Aug 20 2017 19:40:52 GMT-0500 (CDT): GET /cover.css
Sun Aug 20 2017 19:41:01 GMT-0500 (CDT): GET /?
Sun Aug 20 2017 19:41:01 GMT-0500 (CDT): GET /cover.css
Sun Aug 20 2017 19:41:48 GMT-0500 (CDT): GET /
Sun Aug 20 2017 19:41:48 GMT-0500 (CDT): GET /cover.css
Sun Aug 20 2017 19:59:16 GMT-0500 (CDT): GET /
Sun Aug 20 2017 19:59:16 GMT-0500 (CDT): GET /cover.css
Sun Aug 20 2017 19:59:38 GMT-0500 (CDT): GET /
Sun Aug 20 2017 19:59:38 GMT-0500 (CDT): GET /cover.css
Sun Aug 20 2017 20:01:39 GMT-0500 (CDT): GET /
Sun Aug 20 2017 20:01:39 GMT-0500 (CDT): GET /cover.css
Sun Aug 20 2017 20:02:14 GMT-0500 (CDT): GET /
Sun Aug 20 2017 20:02:14 GMT-0500 (CDT): GET /cover.css
Sun Aug 20 2017 20:04:17 GMT-0500 (CDT): GET /
Sun Aug 20 2017 20:04:17 GMT-0500 (CDT): GET /cover.css
Sun Aug 20 2017 20:04:17 GMT-0500 (CDT): GET /script.js
Sun Aug 20 2017 20:04:27 GMT-0500 (CDT): GET /
Sun Aug 20 2017 20:04:27 GMT-0500 (CDT): GET /cover.css
Sun Aug 20 2017 20:04:27 GMT-0500 (CDT): GET /script.js
Sun Aug 20 2017 20:04:29 GMT-0500 (CDT): GET /
Sun Aug 20 2017 20:04:29 GMT-0500 (CDT): GET /cover.css
Sun Aug 20 2017 20:04:29 GMT-0500 (CDT): GET /script.js
Sun Aug 20 2017 20:06:03 GMT-0500 (CDT): GET /
Sun Aug 20 2017 20:06:03 GMT-0500 (CDT): GET /cover.css
Sun Aug 20 2017 20:06:03 GMT-0500 (CDT): GET /script.js
Sun Aug 20 2017 20:07:54 GMT-0500 (CDT): GET /
Sun Aug 20 2017 20:07:54 GMT-0500 (CDT): GET /cover.css
Sun Aug 20 2017 20:07:54 GMT-0500 (CDT): GET /script.js
Sun Aug 20 2017 20:09:27 GMT-0500 (CDT): GET /
Sun Aug 20 2017 20:09:27 GMT-0500 (CDT): GET /cover.css
Sun Aug 20 2017 20:09:27 GMT-0500 (CDT): GET /script.js
Sun Aug 20 2017 20:10:22 GMT-0500 (CDT): GET /
Sun Aug 20 2017 20:10:22 GMT-0500 (CDT): GET /cover.css
Sun Aug 20 2017 20:10:22 GMT-0500 (CDT): GET /script.js
Sun Aug 20 2017 20:18:45 GMT-0500 (CDT): GET /
Sun Aug 20 2017 20:18:45 GMT-0500 (CDT): GET /cover.css
Sun Aug 20 2017 20:18:45 GMT-0500 (CDT): GET /script.js
Sun Aug 20 2017 20:19:16 GMT-0500 (CDT): GET /
Sun Aug 20 2017 20:19:16 GMT-0500 (CDT): GET /cover.css
Sun Aug 20 2017 20:19:16 GMT-0500 (CDT): GET /script.js
Sun Aug 20 2017 20:21:08 GMT-0500 (CDT): GET /
Sun Aug 20 2017 20:21:09 GMT-0500 (CDT): GET /cover.css
Sun Aug 20 2017 20:21:09 GMT-0500 (CDT): GET /script.js
Sun Aug 20 2017 20:21:15 GMT-0500 (CDT): GET /
Sun Aug 20 2017 20:21:15 GMT-0500 (CDT): GET /cover.css
Sun Aug 20 2017 20:21:15 GMT-0500 (CDT): GET /script.js
Sun Aug 20 2017 20:23:05 GMT-0500 (CDT): GET /
Sun Aug 20 2017 20:23:05 GMT-0500 (CDT): GET /cover.css
Sun Aug 20 2017 20:23:05 GMT-0500 (CDT): GET /script.js
Sun Aug 20 2017 20:23:07 GMT-0500 (CDT): GET /
Sun Aug 20 2017 20:23:07 GMT-0500 (CDT): GET /cover.css
Sun Aug 20 2017 20:23:07 GMT-0500 (CDT): GET /script.js
Sun Aug 20 2017 20:23:47 GMT-0500 (CDT): GET /
Sun Aug 20 2017 20:23:47 GMT-0500 (CDT): GET /cover.css
Sun Aug 20 2017 20:23:47 GMT-0500 (CDT): GET /script.js
Sun Aug 20 2017 20:23:52 GMT-0500 (CDT): GET /
Sun Aug 20 2017 20:23:52 GMT-0500 (CDT): GET /cover.css
Sun Aug 20 2017 20:23:52 GMT-0500 (CDT): GET /script.js
Sun Aug 20 2017 20:29:18 GMT-0500 (CDT): GET /
Sun Aug 20 2017 20:29:18 GMT-0500 (CDT): GET /cover.css
Sun Aug 20 2017 20:29:18 GMT-0500 (CDT): GET /script.js
Sun Aug 20 2017 20:29:22 GMT-0500 (CDT): GET /
Sun Aug 20 2017 20:29:22 GMT-0500 (CDT): GET /cover.css
Sun Aug 20 2017 20:29:22 GMT-0500 (CDT): GET /script.js
Sun Aug 20 2017 20:32:58 GMT-0500 (CDT): GET /
Sun Aug 20 2017 20:32:58 GMT-0500 (CDT): GET /cover.css
Sun Aug 20 2017 20:32:58 GMT-0500 (CDT): GET /script.js
Sun Aug 20 2017 20:33:25 GMT-0500 (CDT): GET /
Sun Aug 20 2017 20:33:25 GMT-0500 (CDT): GET /cover.css
Sun Aug 20 2017 20:33:25 GMT-0500 (CDT): GET /script.js
Sun Aug 20 2017 20:37:32 GMT-0500 (CDT): GET /
Sun Aug 20 2017 20:37:33 GMT-0500 (CDT): GET /cover.css
Sun Aug 20 2017 20:37:33 GMT-0500 (CDT): GET /script.js
Sun Aug 20 2017 20:38:33 GMT-0500 (CDT): GET /
Sun Aug 20 2017 20:38:33 GMT-0500 (CDT): GET /cover.css
Sun Aug 20 2017 20:38:33 GMT-0500 (CDT): GET /script.js
Sun Aug 20 2017 20:43:09 GMT-0500 (CDT): GET /
Sun Aug 20 2017 20:43:09 GMT-0500 (CDT): GET /cover.css
Sun Aug 20 2017 20:43:09 GMT-0500 (CDT): GET /script.js
Sun Aug 20 2017 20:44:28 GMT-0500 (CDT): GET /
Sun Aug 20 2017 20:44:28 GMT-0500 (CDT): GET /cover.css
Sun Aug 20 2017 20:44:28 GMT-0500 (CDT): GET /script.js
Sun Aug 20 2017 20:45:40 GMT-0500 (CDT): GET /
Sun Aug 20 2017 20:45:40 GMT-0500 (CDT): GET /cover.css
Sun Aug 20 2017 20:45:40 GMT-0500 (CDT): GET /script.js
Sun Aug 20 2017 20:46:09 GMT-0500 (CDT): GET /
Sun Aug 20 2017 20:46:09 GMT-0500 (CDT): GET /cover.css
Sun Aug 20 2017 20:46:09 GMT-0500 (CDT): GET /script.js
Sun Aug 20 2017 20:47:31 GMT-0500 (CDT): GET /
Sun Aug 20 2017 20:47:31 GMT-0500 (CDT): GET /cover.css
Sun Aug 20 2017 20:47:31 GMT-0500 (CDT): GET /script.js
Sun Aug 20 2017 20:47:50 GMT-0500 (CDT): GET /
Sun Aug 20 2017 20:47:50 GMT-0500 (CDT): GET /cover.css
Sun Aug 20 2017 20:47:50 GMT-0500 (CDT): GET /script.js
Sun Aug 20 2017 20:47:58 GMT-0500 (CDT): GET /
Sun Aug 20 2017 20:47:58 GMT-0500 (CDT): GET /cover.css
Sun Aug 20 2017 20:47:58 GMT-0500 (CDT): GET /script.js
Sun Aug 20 2017 20:49:18 GMT-0500 (CDT): GET /
Sun Aug 20 2017 20:49:18 GMT-0500 (CDT): GET /cover.css
Sun Aug 20 2017 20:49:18 GMT-0500 (CDT): GET /script.js
Sun Aug 20 2017 20:49:29 GMT-0500 (CDT): GET /
Sun Aug 20 2017 20:49:29 GMT-0500 (CDT): GET /cover.css
Sun Aug 20 2017 20:49:29 GMT-0500 (CDT): GET /script.js
Sun Aug 20 2017 20:49:49 GMT-0500 (CDT): GET /
Sun Aug 20 2017 20:49:49 GMT-0500 (CDT): GET /cover.css
Sun Aug 20 2017 20:49:49 GMT-0500 (CDT): GET /script.js
Sun Aug 20 2017 20:50:06 GMT-0500 (CDT): GET /
Sun Aug 20 2017 20:50:07 GMT-0500 (CDT): GET /cover.css
Sun Aug 20 2017 20:50:07 GMT-0500 (CDT): GET /script.js
Sun Aug 20 2017 20:50:31 GMT-0500 (CDT): GET /
Sun Aug 20 2017 20:50:31 GMT-0500 (CDT): GET /cover.css
Sun Aug 20 2017 20:50:31 GMT-0500 (CDT): GET /script.js
Sun Aug 20 2017 20:51:00 GMT-0500 (CDT): GET /
Sun Aug 20 2017 20:51:00 GMT-0500 (CDT): GET /cover.css
Sun Aug 20 2017 20:51:00 GMT-0500 (CDT): GET /script.js
Sun Aug 20 2017 20:51:09 GMT-0500 (CDT): GET /
Sun Aug 20 2017 20:51:09 GMT-0500 (CDT): GET /cover.css
Sun Aug 20 2017 20:51:09 GMT-0500 (CDT): GET /script.js
Sun Aug 20 2017 20:51:45 GMT-0500 (CDT): GET /
Sun Aug 20 2017 20:51:45 GMT-0500 (CDT): GET /cover.css
Sun Aug 20 2017 20:51:45 GMT-0500 (CDT): GET /script.js
Sun Aug 20 2017 20:52:04 GMT-0500 (CDT): GET /
Sun Aug 20 2017 20:52:04 GMT-0500 (CDT): GET /cover.css
Sun Aug 20 2017 20:52:04 GMT-0500 (CDT): GET /script.js
Sun Aug 20 2017 20:52:28 GMT-0500 (CDT): GET /
Sun Aug 20 2017 20:52:28 GMT-0500 (CDT): GET /cover.css
Sun Aug 20 2017 20:52:28 GMT-0500 (CDT): GET /script.js
Sun Aug 20 2017 20:52:35 GMT-0500 (CDT): GET /
Sun Aug 20 2017 20:52:35 GMT-0500 (CDT): GET /cover.css
Sun Aug 20 2017 20:52:35 GMT-0500 (CDT): GET /script.js
Sun Aug 20 2017 20:53:16 GMT-0500 (CDT): GET /
Sun Aug 20 2017 20:53:16 GMT-0500 (CDT): GET /cover.css
Sun Aug 20 2017 20:53:16 GMT-0500 (CDT): GET /script.js
Sun Aug 20 2017 20:53:55 GMT-0500 (CDT): GET /
Sun Aug 20 2017 20:53:55 GMT-0500 (CDT): GET /cover.css
Sun Aug 20 2017 20:53:55 GMT-0500 (CDT): GET /script.js
Sun Aug 20 2017 20:56:10 GMT-0500 (CDT): GET /
Sun Aug 20 2017 20:56:10 GMT-0500 (CDT): GET /cover.css
Sun Aug 20 2017 20:56:10 GMT-0500 (CDT): GET /script.js
Sun Aug 20 2017 20:56:22 GMT-0500 (CDT): GET /
Sun Aug 20 2017 20:56:22 GMT-0500 (CDT): GET /cover.css
Sun Aug 20 2017 20:56:22 GMT-0500 (CDT): GET /script.js
Sun Aug 20 2017 20:57:00 GMT-0500 (CDT): GET /
Sun Aug 20 2017 20:57:00 GMT-0500 (CDT): GET /cover.css
Sun Aug 20 2017 20:57:00 GMT-0500 (CDT): GET /script.js
Sun Aug 20 2017 20:57:24 GMT-0500 (CDT): GET /
Sun Aug 20 2017 20:57:24 GMT-0500 (CDT): GET /cover.css
Sun Aug 20 2017 20:57:24 GMT-0500 (CDT): GET /script.js
Sun Aug 20 2017 20:57:33 GMT-0500 (CDT): GET /
Sun Aug 20 2017 20:57:33 GMT-0500 (CDT): GET /cover.css
Sun Aug 20 2017 20:57:33 GMT-0500 (CDT): GET /script.js
Sun Aug 20 2017 20:58:32 GMT-0500 (CDT): GET /
Sun Aug 20 2017 20:58:32 GMT-0500 (CDT): GET /cover.css
Sun Aug 20 2017 20:58:32 GMT-0500 (CDT): GET /script.js
Sun Aug 20 2017 20:58:52 GMT-0500 (CDT): GET /
Sun Aug 20 2017 20:58:52 GMT-0500 (CDT): GET /cover.css
Sun Aug 20 2017 20:58:52 GMT-0500 (CDT): GET /script.js
Sun Aug 20 2017 20:59:15 GMT-0500 (CDT): GET /
Sun Aug 20 2017 20:59:15 GMT-0500 (CDT): GET /cover.css
Sun Aug 20 2017 20:59:15 GMT-0500 (CDT): GET /script.js
Sun Aug 20 2017 20:59:30 GMT-0500 (CDT): GET /
Sun Aug 20 2017 20:59:30 GMT-0500 (CDT): GET /cover.css
Sun Aug 20 2017 20:59:30 GMT-0500 (CDT): GET /script.js
Sun Aug 20 2017 20:59:42 GMT-0500 (CDT): GET /
Sun Aug 20 2017 20:59:42 GMT-0500 (CDT): GET /cover.css
Sun Aug 20 2017 20:59:42 GMT-0500 (CDT): GET /script.js
Sun Aug 20 2017 21:03:18 GMT-0500 (CDT): GET /
Sun Aug 20 2017 21:03:18 GMT-0500 (CDT): GET /cover.css
Sun Aug 20 2017 21:03:18 GMT-0500 (CDT): GET /script.js
Sun Aug 20 2017 21:06:12 GMT-0500 (CDT): GET /
Sun Aug 20 2017 21:06:12 GMT-0500 (CDT): GET /cover.css
Sun Aug 20 2017 21:06:12 GMT-0500 (CDT): GET /script.js
Sun Aug 20 2017 21:08:28 GMT-0500 (CDT): GET /
Sun Aug 20 2017 21:08:28 GMT-0500 (CDT): GET /cover.css
Sun Aug 20 2017 21:08:28 GMT-0500 (CDT): GET /script.js
Sun Aug 20 2017 21:09:32 GMT-0500 (CDT): GET /
Sun Aug 20 2017 21:09:32 GMT-0500 (CDT): GET /cover.css
Sun Aug 20 2017 21:09:32 GMT-0500 (CDT): GET /script.js
Sun Aug 20 2017 21:09:44 GMT-0500 (CDT): GET /
Sun Aug 20 2017 21:09:44 GMT-0500 (CDT): GET /cover.css
Sun Aug 20 2017 21:09:44 GMT-0500 (CDT): GET /script.js
Sun Aug 20 2017 21:11:53 GMT-0500 (CDT): GET /
Sun Aug 20 2017 21:11:53 GMT-0500 (CDT): GET /cover.css
Sun Aug 20 2017 21:11:53 GMT-0500 (CDT): GET /script.js
Sun Aug 20 2017 21:13:35 GMT-0500 (CDT): GET /
Sun Aug 20 2017 21:13:35 GMT-0500 (CDT): GET /cover.css
Sun Aug 20 2017 21:13:35 GMT-0500 (CDT): GET /script.js
Sun Aug 20 2017 21:15:47 GMT-0500 (CDT): GET /
Sun Aug 20 2017 21:15:47 GMT-0500 (CDT): GET /cover.css
Sun Aug 20 2017 21:15:47 GMT-0500 (CDT): GET /script.js
Sun Aug 20 2017 21:16:04 GMT-0500 (CDT): GET /
Sun Aug 20 2017 21:16:04 GMT-0500 (CDT): GET /cover.css
Sun Aug 20 2017 21:16:04 GMT-0500 (CDT): GET /script.js
Sun Aug 20 2017 21:16:33 GMT-0500 (CDT): GET /
Sun Aug 20 2017 21:16:33 GMT-0500 (CDT): GET /cover.css
Sun Aug 20 2017 21:16:33 GMT-0500 (CDT): GET /script.js
Sun Aug 20 2017 21:17:54 GMT-0500 (CDT): GET /
Sun Aug 20 2017 21:17:54 GMT-0500 (CDT): GET /cover.css
Sun Aug 20 2017 21:17:54 GMT-0500 (CDT): GET /script.js
Sun Aug 20 2017 21:19:06 GMT-0500 (CDT): GET /
Sun Aug 20 2017 21:19:06 GMT-0500 (CDT): GET /cover.css
Sun Aug 20 2017 21:19:06 GMT-0500 (CDT): GET /script.js
Sun Aug 20 2017 21:19:39 GMT-0500 (CDT): GET /
Sun Aug 20 2017 21:19:39 GMT-0500 (CDT): GET /cover.css
Sun Aug 20 2017 21:19:39 GMT-0500 (CDT): GET /script.js
Sun Aug 20 2017 21:23:04 GMT-0500 (CDT): GET /
Sun Aug 20 2017 21:23:04 GMT-0500 (CDT): GET /cover.css
Sun Aug 20 2017 21:23:04 GMT-0500 (CDT): GET /script.js
Sun Aug 20 2017 21:23:18 GMT-0500 (CDT): GET /
Sun Aug 20 2017 21:23:18 GMT-0500 (CDT): GET /cover.css
Sun Aug 20 2017 21:23:18 GMT-0500 (CDT): GET /script.js
Sun Aug 20 2017 21:24:28 GMT-0500 (CDT): GET /
Sun Aug 20 2017 21:24:28 GMT-0500 (CDT): GET /cover.css
Sun Aug 20 2017 21:24:28 GMT-0500 (CDT): GET /script.js
Sun Aug 20 2017 21:26:19 GMT-0500 (CDT): GET /
Sun Aug 20 2017 21:26:19 GMT-0500 (CDT): GET /cover.css
Sun Aug 20 2017 21:26:19 GMT-0500 (CDT): GET /script.js
Sun Aug 20 2017 21:27:00 GMT-0500 (CDT): GET /
Sun Aug 20 2017 21:27:00 GMT-0500 (CDT): GET /cover.css
Sun Aug 20 2017 21:27:00 GMT-0500 (CDT): GET /script.js
Sun Aug 20 2017 21:27:23 GMT-0500 (CDT): GET /
Sun Aug 20 2017 21:27:23 GMT-0500 (CDT): GET /cover.css
Sun Aug 20 2017 21:27:23 GMT-0500 (CDT): GET /script.js
Sun Aug 20 2017 21:27:55 GMT-0500 (CDT): GET /
Sun Aug 20 2017 21:27:55 GMT-0500 (CDT): GET /cover.css
Sun Aug 20 2017 21:27:55 GMT-0500 (CDT): GET /script.js
Sun Aug 20 2017 21:28:34 GMT-0500 (CDT): GET /
Sun Aug 20 2017 21:28:34 GMT-0500 (CDT): GET /cover.css
Sun Aug 20 2017 21:28:34 GMT-0500 (CDT): GET /script.js
Sun Aug 20 2017 21:29:01 GMT-0500 (CDT): GET /
Sun Aug 20 2017 21:29:01 GMT-0500 (CDT): GET /cover.css
Sun Aug 20 2017 21:29:01 GMT-0500 (CDT): GET /script.js
Sun Aug 20 2017 21:29:11 GMT-0500 (CDT): GET /
Sun Aug 20 2017 21:29:11 GMT-0500 (CDT): GET /cover.css
Sun Aug 20 2017 21:29:11 GMT-0500 (CDT): GET /script.js
Sun Aug 20 2017 21:29:34 GMT-0500 (CDT): GET /
Sun Aug 20 2017 21:29:34 GMT-0500 (CDT): GET /cover.css
Sun Aug 20 2017 21:29:34 GMT-0500 (CDT): GET /script.js
Sun Aug 20 2017 21:30:05 GMT-0500 (CDT): GET /
Sun Aug 20 2017 21:30:05 GMT-0500 (CDT): GET /cover.css
Sun Aug 20 2017 21:30:05 GMT-0500 (CDT): GET /script.js
Sun Aug 20 2017 21:30:17 GMT-0500 (CDT): GET /
Sun Aug 20 2017 21:30:17 GMT-0500 (CDT): GET /cover.css
Sun Aug 20 2017 21:30:17 GMT-0500 (CDT): GET /script.js
Sun Aug 20 2017 21:47:49 GMT-0500 (CDT): GET /
Sun Aug 20 2017 21:47:49 GMT-0500 (CDT): GET /cover.css
Sun Aug 20 2017 21:47:49 GMT-0500 (CDT): GET /script.js
Sun Aug 20 2017 21:49:59 GMT-0500 (CDT): GET /
Sun Aug 20 2017 21:49:59 GMT-0500 (CDT): GET /cover.css
Sun Aug 20 2017 21:49:59 GMT-0500 (CDT): GET /script.js
Sun Aug 20 2017 21:50:22 GMT-0500 (CDT): GET /
Sun Aug 20 2017 21:50:22 GMT-0500 (CDT): GET /cover.css
Sun Aug 20 2017 21:50:22 GMT-0500 (CDT): GET /script.js
Sun Aug 20 2017 21:51:10 GMT-0500 (CDT): GET /
Sun Aug 20 2017 21:51:10 GMT-0500 (CDT): GET /cover.css
Sun Aug 20 2017 21:51:10 GMT-0500 (CDT): GET /script.js
Sun Aug 20 2017 21:51:53 GMT-0500 (CDT): GET /
Sun Aug 20 2017 21:51:53 GMT-0500 (CDT): GET /cover.css
Sun Aug 20 2017 21:51:53 GMT-0500 (CDT): GET /script.js
Sun Aug 20 2017 21:52:06 GMT-0500 (CDT): GET /
Sun Aug 20 2017 21:52:06 GMT-0500 (CDT): GET /cover.css
Sun Aug 20 2017 21:52:06 GMT-0500 (CDT): GET /script.js
Sun Aug 20 2017 21:52:10 GMT-0500 (CDT): GET /
Sun Aug 20 2017 21:52:10 GMT-0500 (CDT): GET /cover.css
Sun Aug 20 2017 21:52:10 GMT-0500 (CDT): GET /script.js
Sun Aug 20 2017 21:53:28 GMT-0500 (CDT): GET /
Sun Aug 20 2017 21:53:28 GMT-0500 (CDT): GET /cover.css
Sun Aug 20 2017 21:53:28 GMT-0500 (CDT): GET /script.js
Sun Aug 20 2017 21:53:31 GMT-0500 (CDT): GET /
Sun Aug 20 2017 21:53:31 GMT-0500 (CDT): GET /cover.css
Sun Aug 20 2017 21:53:31 GMT-0500 (CDT): GET /script.js
Sun Aug 20 2017 21:53:39 GMT-0500 (CDT): GET /
Sun Aug 20 2017 21:53:39 GMT-0500 (CDT): GET /cover.css
Sun Aug 20 2017 21:53:39 GMT-0500 (CDT): GET /script.js
Sun Aug 20 2017 21:57:40 GMT-0500 (CDT): GET /
Sun Aug 20 2017 21:57:40 GMT-0500 (CDT): GET /cover.css
Sun Aug 20 2017 21:57:40 GMT-0500 (CDT): GET /script.js
Sun Aug 20 2017 21:59:24 GMT-0500 (CDT): GET /
Sun Aug 20 2017 21:59:24 GMT-0500 (CDT): GET /cover.css
Sun Aug 20 2017 21:59:24 GMT-0500 (CDT): GET /script.js
Sun Aug 20 2017 22:01:42 GMT-0500 (CDT): GET /
Sun Aug 20 2017 22:01:42 GMT-0500 (CDT): GET /cover.css
Sun Aug 20 2017 22:01:42 GMT-0500 (CDT): GET /script.js
Sun Aug 20 2017 22:02:56 GMT-0500 (CDT): GET /
Sun Aug 20 2017 22:02:57 GMT-0500 (CDT): GET /cover.css
Sun Aug 20 2017 22:02:57 GMT-0500 (CDT): GET /script.js
Sun Aug 20 2017 22:05:58 GMT-0500 (CDT): GET /
Sun Aug 20 2017 22:05:58 GMT-0500 (CDT): GET /cover.css
Sun Aug 20 2017 22:05:58 GMT-0500 (CDT): GET /script.js
Sun Aug 20 2017 22:06:20 GMT-0500 (CDT): GET /
Sun Aug 20 2017 22:06:20 GMT-0500 (CDT): GET /cover.css
Sun Aug 20 2017 22:06:20 GMT-0500 (CDT): GET /script.js
Sun Aug 20 2017 22:06:46 GMT-0500 (CDT): GET /
Sun Aug 20 2017 22:06:46 GMT-0500 (CDT): GET /cover.css
Sun Aug 20 2017 22:06:46 GMT-0500 (CDT): GET /script.js
Sun Aug 20 2017 22:06:57 GMT-0500 (CDT): GET /
Sun Aug 20 2017 22:06:57 GMT-0500 (CDT): GET /cover.css
Sun Aug 20 2017 22:06:57 GMT-0500 (CDT): GET /script.js
Sun Aug 20 2017 22:07:44 GMT-0500 (CDT): GET /
Sun Aug 20 2017 22:07:44 GMT-0500 (CDT): GET /cover.css
Sun Aug 20 2017 22:07:44 GMT-0500 (CDT): GET /script.js
Sun Aug 20 2017 22:08:45 GMT-0500 (CDT): GET /
Sun Aug 20 2017 22:08:45 GMT-0500 (CDT): GET /cover.css
Sun Aug 20 2017 22:08:45 GMT-0500 (CDT): GET /script.js
Sun Aug 20 2017 22:09:21 GMT-0500 (CDT): GET /
Sun Aug 20 2017 22:09:21 GMT-0500 (CDT): GET /cover.css
Sun Aug 20 2017 22:09:21 GMT-0500 (CDT): GET /script.js
Sun Aug 20 2017 22:09:38 GMT-0500 (CDT): GET /
Sun Aug 20 2017 22:09:38 GMT-0500 (CDT): GET /cover.css
Sun Aug 20 2017 22:09:38 GMT-0500 (CDT): GET /script.js
Sun Aug 20 2017 22:10:39 GMT-0500 (CDT): GET /
Sun Aug 20 2017 22:10:39 GMT-0500 (CDT): GET /cover.css
Sun Aug 20 2017 22:10:39 GMT-0500 (CDT): GET /script.js
Sun Aug 20 2017 22:14:34 GMT-0500 (CDT): GET /
Sun Aug 20 2017 22:14:34 GMT-0500 (CDT): GET /cover.css
Sun Aug 20 2017 22:14:34 GMT-0500 (CDT): GET /script.js
Sun Aug 20 2017 22:17:26 GMT-0500 (CDT): GET /
Sun Aug 20 2017 22:17:26 GMT-0500 (CDT): GET /cover.css
Sun Aug 20 2017 22:17:26 GMT-0500 (CDT): GET /script.js
Sun Aug 20 2017 22:17:59 GMT-0500 (CDT): GET /
Sun Aug 20 2017 22:17:59 GMT-0500 (CDT): GET /cover.css
Sun Aug 20 2017 22:17:59 GMT-0500 (CDT): GET /script.js
Sun Aug 20 2017 22:18:12 GMT-0500 (CDT): GET /
Sun Aug 20 2017 22:18:12 GMT-0500 (CDT): GET /cover.css
Sun Aug 20 2017 22:18:12 GMT-0500 (CDT): GET /script.js
Sun Aug 20 2017 22:19:08 GMT-0500 (CDT): GET /
Sun Aug 20 2017 22:19:08 GMT-0500 (CDT): GET /cover.css
Sun Aug 20 2017 22:19:08 GMT-0500 (CDT): GET /script.js
Sun Aug 20 2017 22:19:23 GMT-0500 (CDT): GET /
Sun Aug 20 2017 22:19:23 GMT-0500 (CDT): GET /cover.css
Sun Aug 20 2017 22:19:23 GMT-0500 (CDT): GET /script.js
Sun Aug 20 2017 22:21:16 GMT-0500 (CDT): GET /
Sun Aug 20 2017 22:21:16 GMT-0500 (CDT): GET /cover.css
Sun Aug 20 2017 22:21:16 GMT-0500 (CDT): GET /script.js
Sun Aug 20 2017 22:23:06 GMT-0500 (CDT): GET /
Sun Aug 20 2017 22:23:06 GMT-0500 (CDT): GET /cover.css
Sun Aug 20 2017 22:23:06 GMT-0500 (CDT): GET /script.js
Mon Aug 21 2017 00:40:14 GMT-0500 (CDT): GET /
Mon Aug 21 2017 00:40:14 GMT-0500 (CDT): GET /cover.css
Mon Aug 21 2017 00:40:14 GMT-0500 (CDT): GET /script.js
Mon Aug 21 2017 00:40:51 GMT-0500 (CDT): GET /
Mon Aug 21 2017 00:40:51 GMT-0500 (CDT): GET /cover.css
Mon Aug 21 2017 00:40:51 GMT-0500 (CDT): GET /script.js
Mon Aug 21 2017 00:41:03 GMT-0500 (CDT): GET /
Mon Aug 21 2017 00:41:03 GMT-0500 (CDT): GET /cover.css
Mon Aug 21 2017 00:41:03 GMT-0500 (CDT): GET /script.js
Mon Aug 21 2017 00:41:12 GMT-0500 (CDT): GET /
Mon Aug 21 2017 00:41:12 GMT-0500 (CDT): GET /cover.css
Mon Aug 21 2017 00:41:12 GMT-0500 (CDT): GET /script.js
Mon Aug 21 2017 00:42:28 GMT-0500 (CDT): GET /
Mon Aug 21 2017 00:42:28 GMT-0500 (CDT): GET /cover.css
Mon Aug 21 2017 00:42:28 GMT-0500 (CDT): GET /script.js
Mon Aug 21 2017 00:43:28 GMT-0500 (CDT): GET /
Mon Aug 21 2017 00:43:28 GMT-0500 (CDT): GET /cover.css
Mon Aug 21 2017 00:43:28 GMT-0500 (CDT): GET /script.js
Mon Aug 21 2017 00:43:45 GMT-0500 (CDT): GET /
Mon Aug 21 2017 00:43:45 GMT-0500 (CDT): GET /cover.css
Mon Aug 21 2017 00:43:45 GMT-0500 (CDT): GET /script.js
Mon Aug 21 2017 00:46:18 GMT-0500 (CDT): GET /
Mon Aug 21 2017 00:46:18 GMT-0500 (CDT): GET /cover.css
Mon Aug 21 2017 00:46:18 GMT-0500 (CDT): GET /script.js
Mon Aug 21 2017 00:46:29 GMT-0500 (CDT): GET /
Mon Aug 21 2017 00:46:29 GMT-0500 (CDT): GET /cover.css
Mon Aug 21 2017 00:46:29 GMT-0500 (CDT): GET /script.js
Mon Aug 21 2017 00:46:37 GMT-0500 (CDT): GET /
Mon Aug 21 2017 00:46:37 GMT-0500 (CDT): GET /cover.css
Mon Aug 21 2017 00:46:37 GMT-0500 (CDT): GET /script.js
Mon Aug 21 2017 00:47:21 GMT-0500 (CDT): GET /
Mon Aug 21 2017 00:47:21 GMT-0500 (CDT): GET /cover.css
Mon Aug 21 2017 00:47:21 GMT-0500 (CDT): GET /script.js
Mon Aug 21 2017 00:48:00 GMT-0500 (CDT): GET /
Mon Aug 21 2017 00:48:00 GMT-0500 (CDT): GET /cover.css
Mon Aug 21 2017 00:48:00 GMT-0500 (CDT): GET /script.js
Mon Aug 21 2017 00:48:58 GMT-0500 (CDT): GET /
Mon Aug 21 2017 00:48:58 GMT-0500 (CDT): GET /cover.css
Mon Aug 21 2017 00:48:58 GMT-0500 (CDT): GET /script.js
Mon Aug 21 2017 00:49:26 GMT-0500 (CDT): GET /
Mon Aug 21 2017 00:49:26 GMT-0500 (CDT): GET /cover.css
Mon Aug 21 2017 00:49:26 GMT-0500 (CDT): GET /script.js
Mon Aug 21 2017 00:50:00 GMT-0500 (CDT): GET /
Mon Aug 21 2017 00:50:00 GMT-0500 (CDT): GET /cover.css
Mon Aug 21 2017 00:50:00 GMT-0500 (CDT): GET /script.js
Mon Aug 21 2017 00:50:33 GMT-0500 (CDT): GET /
Mon Aug 21 2017 00:50:33 GMT-0500 (CDT): GET /cover.css
Mon Aug 21 2017 00:50:33 GMT-0500 (CDT): GET /script.js
Mon Aug 21 2017 00:51:33 GMT-0500 (CDT): GET /
Mon Aug 21 2017 00:51:33 GMT-0500 (CDT): GET /cover.css
Mon Aug 21 2017 00:51:33 GMT-0500 (CDT): GET /script.js
Mon Aug 21 2017 00:52:45 GMT-0500 (CDT): GET /
Mon Aug 21 2017 00:52:45 GMT-0500 (CDT): GET /cover.css
Mon Aug 21 2017 00:52:45 GMT-0500 (CDT): GET /script.js
Mon Aug 21 2017 00:52:48 GMT-0500 (CDT): GET /
Mon Aug 21 2017 00:52:48 GMT-0500 (CDT): GET /cover.css
Mon Aug 21 2017 00:52:48 GMT-0500 (CDT): GET /script.js
Mon Aug 21 2017 00:53:13 GMT-0500 (CDT): GET /
Mon Aug 21 2017 00:53:13 GMT-0500 (CDT): GET /cover.css
Mon Aug 21 2017 00:53:13 GMT-0500 (CDT): GET /script.js
Mon Aug 21 2017 00:53:52 GMT-0500 (CDT): GET /
Mon Aug 21 2017 00:53:52 GMT-0500 (CDT): GET /cover.css
Mon Aug 21 2017 00:53:52 GMT-0500 (CDT): GET /script.js
Mon Aug 21 2017 00:55:19 GMT-0500 (CDT): GET /
Mon Aug 21 2017 00:55:19 GMT-0500 (CDT): GET /cover.css
Mon Aug 21 2017 00:55:19 GMT-0500 (CDT): GET /script.js
Mon Aug 21 2017 00:57:00 GMT-0500 (CDT): GET /
Mon Aug 21 2017 00:57:00 GMT-0500 (CDT): GET /cover.css
Mon Aug 21 2017 00:57:00 GMT-0500 (CDT): GET /script.js
Mon Aug 21 2017 00:57:07 GMT-0500 (CDT): GET /
Mon Aug 21 2017 00:57:07 GMT-0500 (CDT): GET /cover.css
Mon Aug 21 2017 00:57:07 GMT-0500 (CDT): GET /script.js
Mon Aug 21 2017 00:57:38 GMT-0500 (CDT): GET /
Mon Aug 21 2017 00:57:38 GMT-0500 (CDT): GET /cover.css
Mon Aug 21 2017 00:57:38 GMT-0500 (CDT): GET /script.js
Mon Aug 21 2017 00:58:31 GMT-0500 (CDT): GET /
Mon Aug 21 2017 00:58:31 GMT-0500 (CDT): GET /cover.css
Mon Aug 21 2017 00:58:31 GMT-0500 (CDT): GET /script.js
Mon Aug 21 2017 00:59:53 GMT-0500 (CDT): GET /
Mon Aug 21 2017 00:59:53 GMT-0500 (CDT): GET /cover.css
Mon Aug 21 2017 00:59:53 GMT-0500 (CDT): GET /script.js
Mon Aug 21 2017 01:00:41 GMT-0500 (CDT): GET /
Mon Aug 21 2017 01:00:41 GMT-0500 (CDT): GET /cover.css
Mon Aug 21 2017 01:00:41 GMT-0500 (CDT): GET /script.js
Mon Aug 21 2017 01:01:46 GMT-0500 (CDT): GET /
Mon Aug 21 2017 01:01:46 GMT-0500 (CDT): GET /cover.css
Mon Aug 21 2017 01:01:46 GMT-0500 (CDT): GET /script.js
Mon Aug 21 2017 01:02:08 GMT-0500 (CDT): GET /
Mon Aug 21 2017 01:02:08 GMT-0500 (CDT): GET /cover.css
Mon Aug 21 2017 01:02:08 GMT-0500 (CDT): GET /script.js
Mon Aug 21 2017 01:02:17 GMT-0500 (CDT): GET /
Mon Aug 21 2017 01:02:17 GMT-0500 (CDT): GET /cover.css
Mon Aug 21 2017 01:02:17 GMT-0500 (CDT): GET /script.js
Mon Aug 21 2017 01:02:26 GMT-0500 (CDT): GET /
Mon Aug 21 2017 01:02:26 GMT-0500 (CDT): GET /cover.css
Mon Aug 21 2017 01:02:26 GMT-0500 (CDT): GET /script.js
Mon Aug 21 2017 01:03:53 GMT-0500 (CDT): GET /
Mon Aug 21 2017 01:03:53 GMT-0500 (CDT): GET /cover.css
Mon Aug 21 2017 01:03:53 GMT-0500 (CDT): GET /script.js
Mon Aug 21 2017 01:04:12 GMT-0500 (CDT): GET /
Mon Aug 21 2017 01:04:12 GMT-0500 (CDT): GET /cover.css
Mon Aug 21 2017 01:04:12 GMT-0500 (CDT): GET /script.js
Mon Aug 21 2017 01:05:59 GMT-0500 (CDT): GET /
Mon Aug 21 2017 01:05:59 GMT-0500 (CDT): GET /cover.css
Mon Aug 21 2017 01:05:59 GMT-0500 (CDT): GET /script.js
Mon Aug 21 2017 01:06:44 GMT-0500 (CDT): GET /
Mon Aug 21 2017 01:06:44 GMT-0500 (CDT): GET /cover.css
Mon Aug 21 2017 01:06:44 GMT-0500 (CDT): GET /script.js
Mon Aug 21 2017 01:06:45 GMT-0500 (CDT): GET /
Mon Aug 21 2017 01:06:45 GMT-0500 (CDT): GET /cover.css
Mon Aug 21 2017 01:06:45 GMT-0500 (CDT): GET /script.js
Mon Aug 21 2017 01:09:49 GMT-0500 (CDT): GET /
Mon Aug 21 2017 01:09:49 GMT-0500 (CDT): GET /cover.css
Mon Aug 21 2017 01:09:49 GMT-0500 (CDT): GET /script.js
Mon Aug 21 2017 01:11:21 GMT-0500 (CDT): GET /
Mon Aug 21 2017 01:11:21 GMT-0500 (CDT): GET /cover.css
Mon Aug 21 2017 01:11:21 GMT-0500 (CDT): GET /script.js
Mon Aug 21 2017 01:13:01 GMT-0500 (CDT): GET /
Mon Aug 21 2017 01:13:01 GMT-0500 (CDT): GET /cover.css
Mon Aug 21 2017 01:13:01 GMT-0500 (CDT): GET /script.js
Mon Aug 21 2017 01:13:15 GMT-0500 (CDT): GET /
Mon Aug 21 2017 01:13:15 GMT-0500 (CDT): GET /cover.css
Mon Aug 21 2017 01:13:15 GMT-0500 (CDT): GET /script.js
Mon Aug 21 2017 01:13:47 GMT-0500 (CDT): GET /
Mon Aug 21 2017 01:13:47 GMT-0500 (CDT): GET /cover.css
Mon Aug 21 2017 01:13:47 GMT-0500 (CDT): GET /script.js
Mon Aug 21 2017 01:13:59 GMT-0500 (CDT): GET /
Mon Aug 21 2017 01:13:59 GMT-0500 (CDT): GET /cover.css
Mon Aug 21 2017 01:13:59 GMT-0500 (CDT): GET /script.js
Mon Aug 21 2017 01:15:13 GMT-0500 (CDT): GET /
Mon Aug 21 2017 01:15:13 GMT-0500 (CDT): GET /cover.css
Mon Aug 21 2017 01:15:13 GMT-0500 (CDT): GET /script.js
Mon Aug 21 2017 01:17:26 GMT-0500 (CDT): GET /
Mon Aug 21 2017 01:17:26 GMT-0500 (CDT): GET /cover.css
Mon Aug 21 2017 01:17:26 GMT-0500 (CDT): GET /script.js
Mon Aug 21 2017 01:17:45 GMT-0500 (CDT): GET /
Mon Aug 21 2017 01:17:45 GMT-0500 (CDT): GET /cover.css
Mon Aug 21 2017 01:17:45 GMT-0500 (CDT): GET /script.js
Mon Aug 21 2017 01:17:54 GMT-0500 (CDT): GET /
Mon Aug 21 2017 01:17:54 GMT-0500 (CDT): GET /cover.css
Mon Aug 21 2017 01:17:54 GMT-0500 (CDT): GET /script.js
Mon Aug 21 2017 01:18:02 GMT-0500 (CDT): GET /
Mon Aug 21 2017 01:18:02 GMT-0500 (CDT): GET /cover.css
Mon Aug 21 2017 01:18:02 GMT-0500 (CDT): GET /script.js
Mon Aug 21 2017 01:18:38 GMT-0500 (CDT): GET /
Mon Aug 21 2017 01:18:38 GMT-0500 (CDT): GET /cover.css
Mon Aug 21 2017 01:18:38 GMT-0500 (CDT): GET /script.js
Mon Aug 21 2017 01:19:14 GMT-0500 (CDT): GET /
Mon Aug 21 2017 01:19:14 GMT-0500 (CDT): GET /cover.css
Mon Aug 21 2017 01:19:14 GMT-0500 (CDT): GET /script.js
Mon Aug 21 2017 01:21:17 GMT-0500 (CDT): GET /
Mon Aug 21 2017 01:21:17 GMT-0500 (CDT): GET /cover.css
Mon Aug 21 2017 01:21:17 GMT-0500 (CDT): GET /script.js
Mon Aug 21 2017 01:21:58 GMT-0500 (CDT): GET /
Mon Aug 21 2017 01:21:58 GMT-0500 (CDT): GET /cover.css
Mon Aug 21 2017 01:21:58 GMT-0500 (CDT): GET /script.js
Mon Aug 21 2017 01:22:13 GMT-0500 (CDT): GET /
Mon Aug 21 2017 01:22:13 GMT-0500 (CDT): GET /cover.css
Mon Aug 21 2017 01:22:13 GMT-0500 (CDT): GET /script.js
Mon Aug 21 2017 01:22:37 GMT-0500 (CDT): GET /
Mon Aug 21 2017 01:22:37 GMT-0500 (CDT): GET /cover.css
Mon Aug 21 2017 01:22:37 GMT-0500 (CDT): GET /script.js
Mon Aug 21 2017 01:22:50 GMT-0500 (CDT): GET /
Mon Aug 21 2017 01:22:50 GMT-0500 (CDT): GET /cover.css
Mon Aug 21 2017 01:22:50 GMT-0500 (CDT): GET /script.js
Mon Aug 21 2017 01:23:04 GMT-0500 (CDT): GET /
Mon Aug 21 2017 01:23:04 GMT-0500 (CDT): GET /cover.css
Mon Aug 21 2017 01:23:04 GMT-0500 (CDT): GET /script.js
Mon Aug 21 2017 01:24:15 GMT-0500 (CDT): GET /
Mon Aug 21 2017 01:24:15 GMT-0500 (CDT): GET /cover.css
Mon Aug 21 2017 01:24:15 GMT-0500 (CDT): GET /script.js
Mon Aug 21 2017 01:24:40 GMT-0500 (CDT): GET /
Mon Aug 21 2017 01:24:40 GMT-0500 (CDT): GET /cover.css
Mon Aug 21 2017 01:24:40 GMT-0500 (CDT): GET /script.js
Mon Aug 21 2017 01:24:43 GMT-0500 (CDT): GET /
Mon Aug 21 2017 01:24:43 GMT-0500 (CDT): GET /cover.css
Mon Aug 21 2017 01:24:43 GMT-0500 (CDT): GET /script.js
Mon Aug 21 2017 01:25:05 GMT-0500 (CDT): GET /
Mon Aug 21 2017 01:25:05 GMT-0500 (CDT): GET /cover.css
Mon Aug 21 2017 01:25:05 GMT-0500 (CDT): GET /script.js
Mon Aug 21 2017 01:26:44 GMT-0500 (CDT): GET /
Mon Aug 21 2017 01:26:44 GMT-0500 (CDT): GET /cover.css
Mon Aug 21 2017 01:26:44 GMT-0500 (CDT): GET /script.js
Mon Aug 21 2017 01:29:09 GMT-0500 (CDT): GET /
Mon Aug 21 2017 01:29:09 GMT-0500 (CDT): GET /cover.css
Mon Aug 21 2017 01:29:09 GMT-0500 (CDT): GET /script.js
Mon Aug 21 2017 01:29:19 GMT-0500 (CDT): GET /
Mon Aug 21 2017 01:29:19 GMT-0500 (CDT): GET /cover.css
Mon Aug 21 2017 01:29:19 GMT-0500 (CDT): GET /script.js
Mon Aug 21 2017 01:30:12 GMT-0500 (CDT): GET /
Mon Aug 21 2017 01:30:12 GMT-0500 (CDT): GET /cover.css
Mon Aug 21 2017 01:30:12 GMT-0500 (CDT): GET /script.js
Mon Aug 21 2017 01:31:37 GMT-0500 (CDT): GET /
Mon Aug 21 2017 01:31:37 GMT-0500 (CDT): GET /cover.css
Mon Aug 21 2017 01:31:37 GMT-0500 (CDT): GET /script.js
Mon Aug 21 2017 01:32:34 GMT-0500 (CDT): GET /
Mon Aug 21 2017 01:32:34 GMT-0500 (CDT): GET /cover.css
Mon Aug 21 2017 01:32:34 GMT-0500 (CDT): GET /script.js
Mon Aug 21 2017 01:32:54 GMT-0500 (CDT): GET /
Mon Aug 21 2017 01:32:54 GMT-0500 (CDT): GET /cover.css
Mon Aug 21 2017 01:32:54 GMT-0500 (CDT): GET /script.js
Mon Aug 21 2017 01:33:00 GMT-0500 (CDT): GET /
Mon Aug 21 2017 01:33:00 GMT-0500 (CDT): GET /cover.css
Mon Aug 21 2017 01:33:00 GMT-0500 (CDT): GET /script.js
Mon Aug 21 2017 01:33:11 GMT-0500 (CDT): GET /
Mon Aug 21 2017 01:33:11 GMT-0500 (CDT): GET /cover.css
Mon Aug 21 2017 01:33:11 GMT-0500 (CDT): GET /script.js
Mon Aug 21 2017 01:33:24 GMT-0500 (CDT): GET /
Mon Aug 21 2017 01:33:24 GMT-0500 (CDT): GET /cover.css
Mon Aug 21 2017 01:33:24 GMT-0500 (CDT): GET /script.js
Mon Aug 21 2017 01:33:52 GMT-0500 (CDT): GET /
Mon Aug 21 2017 01:33:52 GMT-0500 (CDT): GET /cover.css
Mon Aug 21 2017 01:33:52 GMT-0500 (CDT): GET /script.js
Mon Aug 21 2017 01:35:28 GMT-0500 (CDT): GET /
Mon Aug 21 2017 01:35:28 GMT-0500 (CDT): GET /cover.css
Mon Aug 21 2017 01:35:28 GMT-0500 (CDT): GET /script.js
Mon Aug 21 2017 01:36:41 GMT-0500 (CDT): GET /
Mon Aug 21 2017 01:36:41 GMT-0500 (CDT): GET /cover.css
Mon Aug 21 2017 01:36:41 GMT-0500 (CDT): GET /script.js
